0 info it worked if it ends with ok
1 verbose cli [ 'C:\\Program Files\\nodejs\\node.exe',
1 verbose cli   'C:\\Program Files\\nodejs\\node_modules\\npm\\bin\\npm-cli.js',
1 verbose cli   'start' ]
2 info using npm@3.10.9
3 info using node@v6.9.2
4 verbose run-script [ 'prestart', 'start', 'poststart' ]
5 info lifecycle roadhog@0.4.3~prestart: roadhog@0.4.3
6 silly lifecycle roadhog@0.4.3~prestart: no script for prestart, continuing
7 info lifecycle roadhog@0.4.3~start: roadhog@0.4.3
8 verbose lifecycle roadhog@0.4.3~start: unsafe-perm in lifecycle true
9 verbose lifecycle roadhog@0.4.3~start: PATH: C:\Program Files\nodejs\node_modules\npm\bin\node-gyp-bin;C:\Users\13762\Desktop\roadhog-master\node_modules\.bin;C:\ProgramData\Oracle\Java\javapath;C:\app\13762\product\11.2.0\dbhome_1\bin;C:\app\13762\Home_11_02\bin;C:\Windows\system32;C:\Windows;C:\Windows\System32\Wbem;C:\Windows\System32\WindowsPowerShell\v1.0\;C:\Program Files (x86)\Microsoft SQL Server\100\Tools\Binn\;C:\Program Files\Microsoft SQL Server\100\Tools\Binn\;C:\Program Files\Microsoft SQL Server\100\DTS\Binn\;C:\Program Files (x86)\Microsoft SQL Server\100\Tools\Binn\VSShell\Common7\IDE\;C:\Program Files (x86)\Microsoft Visual Studio 9.0\Common7\IDE\PrivateAssemblies\;C:\Program Files (x86)\Microsoft SQL Server\100\DTS\Binn\;C:\Program Files\Java\jdk1.7.0_79\bin;C:\Program Files (x86)\IDM Computer Solutions\UltraCompare;C:\MinGW\bin;C:\Program Files\TortoiseSVN\bin;D:\apache-maven-3.3.9\bin;D:\webDriver;C:\Program Files (x86)\MySQL\MySQL Fabric 1.5.2 & MySQL Utilities 1.5.2 1.5\;C:\Program Files (x86)\MySQL\MySQL Fabric 1.5.2 & MySQL Utilities 1.5.2 1.5\Doctrine extensions for PHP\;C:\Program Files\nodejs\;C:\Program Files\Git\cmd;C:\Program Files (x86)\Microsoft VS Code\bin;C:\Program Files (x86)\SSH Communications Security\SSH Secure Shell;C:\Users\13762\AppData\Roaming\npm
10 verbose lifecycle roadhog@0.4.3~start: CWD: C:\Users\13762\Desktop\roadhog-master
11 silly lifecycle roadhog@0.4.3~start: Args: [ '/d /s /c', './scripts/server' ]
12 silly lifecycle roadhog@0.4.3~start: Returned: code: 1  signal: null
13 info lifecycle roadhog@0.4.3~start: Failed to exec start script
14 verbose stack Error: roadhog@0.4.3 start: `./scripts/server`
14 verbose stack Exit status 1
14 verbose stack     at EventEmitter.<anonymous> (C:\Program Files\nodejs\node_modules\npm\lib\utils\lifecycle.js:255:16)
14 verbose stack     at emitTwo (events.js:106:13)
14 verbose stack     at EventEmitter.emit (events.js:191:7)
14 verbose stack     at ChildProcess.<anonymous> (C:\Program Files\nodejs\node_modules\npm\lib\utils\spawn.js:40:14)
14 verbose stack     at emitTwo (events.js:106:13)
14 verbose stack     at ChildProcess.emit (events.js:191:7)
14 verbose stack     at maybeClose (internal/child_process.js:877:16)
14 verbose stack     at Process.ChildProcess._handle.onexit (internal/child_process.js:226:5)
15 verbose pkgid roadhog@0.4.3
16 verbose cwd C:\Users\13762\Desktop\roadhog-master
17 error Windows_NT 10.0.10240
18 error argv "C:\\Program Files\\nodejs\\node.exe" "C:\\Program Files\\nodejs\\node_modules\\npm\\bin\\npm-cli.js" "start"
19 error node v6.9.2
20 error npm  v3.10.9
21 error code ELIFECYCLE
22 error roadhog@0.4.3 start: `./scripts/server`
22 error Exit status 1
23 error Failed at the roadhog@0.4.3 start script './scripts/server'.
23 error Make sure you have the latest version of node.js and npm installed.
23 error If you do, this is most likely a problem with the roadhog package,
23 error not with npm itself.
23 error Tell the author that this fails on your system:
23 error     ./scripts/server
23 error You can get information on how to open an issue for this project with:
23 error     npm bugs roadhog
23 error Or if that isn't available, you can get their info via:
23 error     npm owner ls roadhog
23 error There is likely additional logging output above.
24 verbose exit [ 1, true ]
